2025-11-03 21:03:41,296 - INFO - 
============================================================
2025-11-03 21:03:41,298 - INFO - ============================================================
2025-11-03 21:03:41,305 - INFO - [1/1025] Downloading: Bulbasaur (1)
2025-11-03 21:03:42,728 - INFO - [2/1025] Downloading: Ivysaur (2)
2025-11-03 21:03:44,024 - INFO - [3/1025] Downloading: Mega Venusaur (3)
2025-11-03 21:03:45,421 - INFO - [6/1025] Downloading: Charmander (4)
2025-11-03 21:03:47,451 - INFO - [7/1025] Downloading: Charmeleon (5)
2025-11-03 21:03:49,580 - INFO - [8/1025] Downloading: Mega Charizard Y (6)
2025-11-03 21:03:52,402 - INFO - [12/1025] Downloading: Squirtle (7)
2025-11-03 21:03:53,817 - INFO - [13/1025] Downloading: Wartortle (8)
2025-11-03 21:03:55,103 - INFO - [14/1025] Downloading: Mega Blastoise (9)
2025-11-03 21:03:57,991 - INFO - [17/1025] Downloading: Caterpie (10)
2025-11-03 21:03:59,378 - INFO - [18/1025] Downloading: Metapod (11)
2025-11-03 21:04:00,712 - INFO - [19/1025] Downloading: Butterfree (12)
2025-11-03 21:04:02,157 - INFO - [21/1025] Downloading: Weedle (13)
2025-11-03 21:04:03,157 - INFO - [22/1025] Downloading: Kakuna (14)
2025-11-03 21:04:04,470 - INFO - [23/1025] Downloading: Mega Beedrill (15)
2025-11-03 21:04:06,580 - INFO - [25/1025] Downloading: Pidgey (16)
2025-11-03 21:04:08,258 - INFO - [26/1025] Downloading: Pidgeotto (17)
2025-11-03 21:04:09,581 - INFO - [27/1025] Downloading: Mega Pidgeot (18)
2025-11-03 21:04:11,615 - INFO - [29/1025] Downloading: Alolan Rattata (19)
2025-11-03 21:04:12,888 - INFO - [31/1025] Downloading: Alolan Raticate (20)
2025-11-03 21:04:14,184 - INFO - [33/1025] Downloading: Spearow (21)
2025-11-03 21:04:15,517 - INFO - [34/1025] Downloading: Fearow (22)
2025-11-03 21:04:16,810 - INFO - [35/1025] Downloading: Ekans (23)
2025-11-03 21:04:18,199 - INFO - [36/1025] Downloading: Arbok (24)
2025-11-03 21:04:19,501 - INFO - [37/1025] Downloading: Partner Pikachu (25)
2025-11-03 21:04:20,867 - INFO - [39/1025] Downloading: Alolan Raichu (26)
2025-11-03 21:04:22,157 - INFO - [41/1025] Downloading: Alolan Sandshrew (27)
2025-11-03 21:04:23,571 - INFO - [43/1025] Downloading: Alolan Sandslash (28)
2025-11-03 21:04:27,624 - INFO - [46/1025] Downloading: Nidorina (30)
2025-11-03 21:04:28,872 - INFO - [47/1025] Downloading: Nidoqueen (31)
2025-11-03 21:04:31,480 - INFO - [49/1025] Downloading: Nidorino (33)
2025-11-03 21:04:33,577 - INFO - [50/1025] Downloading: Nidoking (34)
2025-11-03 21:04:35,287 - INFO - [51/1025] Downloading: Clefairy (35)
2025-11-03 21:04:36,569 - INFO - [52/1025] Downloading: Clefable (36)
2025-11-03 21:04:37,871 - INFO - [53/1025] Downloading: Alolan Vulpix (37)
2025-11-03 21:04:39,550 - INFO - [55/1025] Downloading: Alolan Ninetales (38)
2025-11-03 21:04:41,454 - INFO - [57/1025] Downloading: Jigglypuff (39)
2025-11-03 21:04:42,746 - INFO - [58/1025] Downloading: Wigglytuff (40)
2025-11-03 21:04:44,054 - INFO - [59/1025] Downloading: Zubat (41)
2025-11-03 21:04:45,307 - INFO - [60/1025] Downloading: Golbat (42)
2025-11-03 21:04:46,561 - INFO - [61/1025] Downloading: Oddish (43)
2025-11-03 21:04:47,871 - INFO - [62/1025] Downloading: Gloom (44)
2025-11-03 21:04:49,992 - INFO - [63/1025] Downloading: Vileplume (45)
2025-11-03 21:04:51,446 - INFO - [64/1025] Downloading: Paras (46)
2025-11-03 21:04:53,320 - INFO - [65/1025] Downloading: Parasect (47)
2025-11-03 21:04:54,914 - INFO - [66/1025] Downloading: Venonat (48)
2025-11-03 21:04:56,177 - INFO - [67/1025] Downloading: Venomoth (49)
2025-11-03 21:04:57,461 - INFO - [68/1025] Downloading: Alolan Diglett (50)
2025-11-03 21:04:58,430 - INFO - [70/1025] Downloading: Alolan Dugtrio (51)
2025-11-03 21:04:59,726 - INFO - [72/1025] Downloading: Galarian Meowth (52)
2025-11-03 21:05:01,087 - INFO - [75/1025] Downloading: Alolan Persian (53)
2025-11-03 21:05:02,379 - INFO - [77/1025] Downloading: Psyduck (54)
2025-11-03 21:05:03,653 - INFO - [78/1025] Downloading: Golduck (55)
2025-11-03 21:05:04,901 - INFO - [79/1025] Downloading: Mankey (56)
2025-11-03 21:05:06,159 - INFO - [80/1025] Downloading: Primeape (57)
2025-11-03 21:05:07,357 - INFO - [81/1025] Downloading: Hisuian Growlithe (58)
2025-11-03 21:05:08,604 - INFO - [82/1025] Downloading: Hisuian Arcanine (59)
2025-11-03 21:05:09,873 - INFO - [83/1025] Downloading: Poliwag (60)
2025-11-03 21:05:11,120 - INFO - [84/1025] Downloading: Poliwhirl (61)
2025-11-03 21:05:13,092 - INFO - [85/1025] Downloading: Poliwrath (62)
2025-11-03 21:05:14,922 - INFO - [86/1025] Downloading: Abra (63)
2025-11-03 21:05:15,849 - INFO - [87/1025] Downloading: Kadabra (64)
2025-11-03 21:05:17,207 - INFO - [88/1025] Downloading: Mega Alakazam (65)
2025-11-03 21:05:18,169 - INFO - [90/1025] Downloading: Machop (66)
2025-11-03 21:05:19,441 - INFO - [91/1025] Downloading: Machoke (67)
2025-11-03 21:05:20,987 - INFO - [92/1025] Downloading: Machamp (68)
2025-11-03 21:05:21,912 - INFO - [94/1025] Downloading: Bellsprout (69)
2025-11-03 21:05:23,255 - INFO - [95/1025] Downloading: Weepinbell (70)
2025-11-03 21:05:24,445 - INFO - [96/1025] Downloading: Victreebel (71)
2025-11-03 21:05:26,017 - INFO - [97/1025] Downloading: Tentacool (72)
2025-11-03 21:05:27,374 - INFO - [98/1025] Downloading: Tentacruel (73)
2025-11-03 21:05:28,604 - INFO - [99/1025] Downloading: Alolan Geodude (74)
2025-11-03 21:05:29,782 - INFO - [101/1025] Downloading: Alolan Graveler (75)
2025-11-03 21:05:30,949 - INFO - [103/1025] Downloading: Alolan Golem (76)
2025-11-03 21:05:32,695 - INFO - [105/1025] Downloading: Galarian Ponyta (77)
2025-11-03 21:05:33,915 - INFO - [107/1025] Downloading: Galarian Rapidash (78)
2025-11-03 21:05:35,164 - INFO - [109/1025] Downloading: Galarian Slowpoke (79)
2025-11-03 21:05:36,459 - INFO - [111/1025] Downloading: Galarian Slowbro (80)
2025-11-03 21:05:37,777 - INFO - [114/1025] Downloading: Magnemite (81)
2025-11-03 21:05:39,034 - INFO - [115/1025] Downloading: Magneton (82)
2025-11-03 21:05:40,245 - INFO - [116/1025] Downloading: Galarian Farfetch'd (83)
2025-11-03 21:05:41,480 - INFO - [118/1025] Downloading: Doduo (84)
2025-11-03 21:05:42,805 - INFO - [119/1025] Downloading: Dodrio (85)
2025-11-03 21:05:44,321 - INFO - [120/1025] Downloading: Seel (86)
2025-11-03 21:05:45,537 - INFO - [121/1025] Downloading: Dewgong (87)
2025-11-03 21:05:46,795 - INFO - [122/1025] Downloading: Alolan Grimer (88)
2025-11-03 21:05:48,078 - INFO - [124/1025] Downloading: Alolan Muk (89)
2025-11-03 21:05:49,428 - INFO - [126/1025] Downloading: Shellder (90)
2025-11-03 21:05:50,718 - INFO - [127/1025] Downloading: Cloyster (91)
2025-11-03 21:05:52,055 - INFO - [128/1025] Downloading: Gastly (92)
2025-11-03 21:05:53,400 - INFO - [129/1025] Downloading: Haunter (93)
2025-11-03 21:05:54,971 - INFO - [130/1025] Downloading: Mega Gengar (94)
2025-11-03 21:05:56,622 - INFO - [133/1025] Downloading: Onix (95)
2025-11-03 21:05:57,968 - INFO - [134/1025] Downloading: Drowzee (96)
2025-11-03 21:05:59,649 - INFO - [135/1025] Downloading: Hypno (97)
2025-11-03 21:06:00,950 - INFO - [136/1025] Downloading: Krabby (98)
2025-11-03 21:06:02,208 - INFO - [137/1025] Downloading: Kingler (99)
2025-11-03 21:06:03,495 - INFO - [139/1025] Downloading: Hisuian Voltorb (100)
2025-11-03 21:06:05,140 - INFO - [140/1025] Downloading: Hisuian Electrode (101)
2025-11-03 21:06:06,750 - INFO - [141/1025] Downloading: Exeggcute (102)
2025-11-03 21:06:08,030 - INFO - [142/1025] Downloading: Alolan Exeggutor (103)
2025-11-03 21:06:09,206 - INFO - [144/1025] Downloading: Cubone (104)
2025-11-03 21:06:10,661 - INFO - [145/1025] Downloading: Alolan Marowak (105)
2025-11-03 21:06:12,134 - INFO - [147/1025] Downloading: Hitmonlee (106)
2025-11-03 21:06:13,327 - INFO - [148/1025] Downloading: Hitmonchan (107)
2025-11-03 21:06:14,617 - INFO - [149/1025] Downloading: Lickitung (108)
2025-11-03 21:06:15,881 - INFO - [150/1025] Downloading: Koffing (109)
2025-11-03 21:06:17,173 - INFO - [151/1025] Downloading: Galarian Weezing (110)
2025-11-03 21:06:18,650 - INFO - [153/1025] Downloading: Rhyhorn (111)
2025-11-03 21:06:19,909 - INFO - [154/1025] Downloading: Rhydon (112)
2025-11-03 21:06:21,135 - INFO - [155/1025] Downloading: Chansey (113)
2025-11-03 21:06:22,368 - INFO - [156/1025] Downloading: Tangela (114)
2025-11-03 21:06:24,181 - INFO - [157/1025] Downloading: Mega Kangaskhan (115)
2025-11-03 21:06:25,336 - INFO - [159/1025] Downloading: Horsea (116)
2025-11-03 21:06:26,560 - INFO - [160/1025] Downloading: Seadra (117)
2025-11-03 21:06:27,776 - INFO - [161/1025] Downloading: Goldeen (118)
2025-11-03 21:06:28,690 - INFO - [162/1025] Downloading: Seaking (119)
2025-11-03 21:06:29,902 - INFO - [163/1025] Downloading: Staryu (120)
2025-11-03 21:06:31,519 - INFO - [164/1025] Downloading: Starmie (121)
2025-11-03 21:06:33,060 - INFO - [165/1025] Downloading: Galarian Mr. Mime (122)
2025-11-03 21:06:34,309 - INFO - [167/1025] Downloading: Scyther (123)
2025-11-03 21:06:35,473 - INFO - [168/1025] Downloading: Jynx (124)
2025-11-03 21:06:36,682 - INFO - [169/1025] Downloading: Electabuzz (125)
2025-11-03 21:06:37,860 - INFO - [170/1025] Downloading: Magmar (126)
2025-11-03 21:06:39,063 - INFO - [171/1025] Downloading: Mega Pinsir (127)
2025-11-03 21:06:40,355 - INFO - [173/1025] Downloading: Paldean Tauros (Aqua) (128)
2025-11-03 21:06:41,606 - INFO - [174/1025] Downloading: Magikarp (129)
2025-11-03 21:06:42,853 - INFO - [175/1025] Downloading: Mega Gyarados (130)
2025-11-03 21:06:44,026 - INFO - [177/1025] Downloading: Lapras (131)
2025-11-03 21:06:45,422 - INFO - [179/1025] Downloading: Ditto (132)
2025-11-03 21:06:46,622 - INFO - [180/1025] Downloading: Partner Eevee (133)
2025-11-03 21:06:48,129 - INFO - [182/1025] Downloading: Vaporeon (134)
2025-11-03 21:06:49,327 - INFO - [183/1025] Downloading: Jolteon (135)
2025-11-03 21:06:50,707 - INFO - [184/1025] Downloading: Flareon (136)
2025-11-03 21:06:51,854 - INFO - [185/1025] Downloading: Porygon (137)
2025-11-03 21:06:53,071 - INFO - [186/1025] Downloading: Omanyte (138)
2025-11-03 21:06:54,697 - INFO - [187/1025] Downloading: Omastar (139)
2025-11-03 21:06:56,126 - INFO - [188/1025] Downloading: Kabuto (140)
2025-11-03 21:06:57,491 - INFO - [189/1025] Downloading: Kabutops (141)
2025-11-03 21:06:59,024 - INFO - [190/1025] Downloading: Mega Aerodactyl (142)
2025-11-03 21:07:00,525 - INFO - [192/1025] Downloading: Snorlax (143)
2025-11-03 21:07:01,760 - INFO - [194/1025] Downloading: Galarian Articuno (144)
2025-11-03 21:07:03,525 - INFO - [195/1025] Downloading: Galarian Zapdos (145)
2025-11-03 21:07:04,717 - INFO - [196/1025] Downloading: Galarian Moltres (146)
2025-11-03 21:07:05,973 - INFO - [197/1025] Downloading: Dratini (147)
2025-11-03 21:07:07,212 - INFO - [198/1025] Downloading: Dragonair (148)
2025-11-03 21:07:08,511 - INFO - [199/1025] Downloading: Dragonite (149)
2025-11-03 21:07:09,960 - INFO - [200/1025] Downloading: Mega Mewtwo Y (150)
2025-11-03 21:07:11,203 - INFO - [203/1025] Downloading: Mew (151)
2025-11-03 21:07:12,680 - INFO - [204/1025] Downloading: Chikorita (152)
2025-11-03 21:07:13,882 - INFO - [205/1025] Downloading: Bayleef (153)
2025-11-03 21:07:15,042 - INFO - [206/1025] Downloading: Meganium (154)
2025-11-03 21:07:16,223 - INFO - [207/1025] Downloading: Cyndaquil (155)
2025-11-03 21:07:17,359 - INFO - [208/1025] Downloading: Quilava (156)
2025-11-03 21:07:18,585 - INFO - [209/1025] Downloading: Hisuian Typhlosion (157)
2025-11-03 21:07:19,842 - INFO - [210/1025] Downloading: Totodile (158)
2025-11-03 21:07:21,029 - INFO - [211/1025] Downloading: Croconaw (159)
2025-11-03 21:07:22,218 - INFO - [212/1025] Downloading: Feraligatr (160)
2025-11-03 21:07:23,436 - INFO - [213/1025] Downloading: Sentret (161)
2025-11-03 21:07:24,719 - INFO - [214/1025] Downloading: Furret (162)
2025-11-03 21:07:26,408 - INFO - [215/1025] Downloading: Hoothoot (163)
2025-11-03 21:07:27,612 - INFO - [216/1025] Downloading: Noctowl (164)
2025-11-03 21:07:28,892 - INFO - [217/1025] Downloading: Ledyba (165)
2025-11-03 21:07:30,070 - INFO - [218/1025] Downloading: Ledian (166)
2025-11-03 21:07:31,259 - INFO - [219/1025] Downloading: Spinarak (167)
2025-11-03 21:07:32,490 - INFO - [220/1025] Downloading: Ariados (168)
2025-11-03 21:07:33,709 - INFO - [221/1025] Downloading: Crobat (169)
2025-11-03 21:07:34,954 - INFO - [222/1025] Downloading: Chinchou (170)
2025-11-03 21:07:36,173 - INFO - [223/1025] Downloading: Lanturn (171)
2025-11-03 21:07:37,400 - INFO - [224/1025] Downloading: Pichu (172)
2025-11-03 21:07:38,579 - INFO - [225/1025] Downloading: Cleffa (173)
2025-11-03 21:07:39,826 - INFO - [226/1025] Downloading: Igglybuff (174)
2025-11-03 21:07:41,038 - INFO - [227/1025] Downloading: Togepi (175)
2025-11-03 21:07:42,228 - INFO - [228/1025] Downloading: Togetic (176)
2025-11-03 21:07:43,414 - INFO - [229/1025] Downloading: Natu (177)
2025-11-03 21:07:44,712 - INFO - [230/1025] Downloading: Xatu (178)
2025-11-03 21:07:46,120 - INFO - [231/1025] Downloading: Mareep (179)
2025-11-03 21:07:47,357 - INFO - [232/1025] Downloading: Flaaffy (180)
2025-11-03 21:07:48,842 - INFO - [233/1025] Downloading: Mega Ampharos (181)
2025-11-03 21:07:50,136 - INFO - [235/1025] Downloading: Bellossom (182)
2025-11-03 21:07:51,493 - INFO - [236/1025] Downloading: Marill (183)
2025-11-03 21:07:52,731 - INFO - [237/1025] Downloading: Azumarill (184)
2025-11-03 21:07:54,227 - INFO - [238/1025] Downloading: Sudowoodo (185)
2025-11-03 21:07:55,433 - INFO - [239/1025] Downloading: Politoed (186)
2025-11-03 21:07:56,784 - INFO - [240/1025] Downloading: Hoppip (187)
2025-11-03 21:07:58,073 - INFO - [241/1025] Downloading: Skiploom (188)
2025-11-03 21:07:59,495 - INFO - [242/1025] Downloading: Jumpluff (189)
2025-11-03 21:08:00,929 - INFO - [243/1025] Downloading: Aipom (190)
2025-11-03 21:08:02,187 - INFO - [244/1025] Downloading: Sunkern (191)
2025-11-03 21:08:03,574 - INFO - [245/1025] Downloading: Sunflora (192)
2025-11-03 21:08:04,823 - INFO - [246/1025] Downloading: Yanma (193)
2025-11-03 21:08:06,100 - INFO - [247/1025] Downloading: Paldean Wooper (194)
2025-11-03 21:08:07,654 - INFO - [248/1025] Downloading: Quagsire (195)
2025-11-03 21:08:08,844 - INFO - [249/1025] Downloading: Espeon (196)
2025-11-03 21:08:10,055 - INFO - [250/1025] Downloading: Umbreon (197)
2025-11-03 21:08:11,472 - INFO - [251/1025] Downloading: Murkrow (198)
2025-11-03 21:08:12,691 - INFO - [252/1025] Downloading: Galarian Slowking (199)
2025-11-03 21:08:14,128 - INFO - [253/1025] Downloading: Misdreavus (200)
2025-11-03 21:08:15,833 - INFO - [254/1025] Downloading: Unown (201)
2025-11-03 21:08:17,108 - INFO - [255/1025] Downloading: Wobbuffet (202)
2025-11-03 21:08:18,657 - INFO - [256/1025] Downloading: Girafarig (203)
2025-11-03 21:08:19,920 - INFO - [257/1025] Downloading: Pineco (204)
2025-11-03 21:08:21,449 - INFO - [258/1025] Downloading: Forretress (205)
2025-11-03 21:08:22,764 - INFO - [259/1025] Downloading: Dunsparce (206)
2025-11-03 21:08:24,184 - INFO - [260/1025] Downloading: Gligar (207)
2025-11-03 21:08:25,574 - INFO - [261/1025] Downloading: Mega Steelix (208)
2025-11-03 21:08:26,814 - INFO - [263/1025] Downloading: Snubbull (209)
2025-11-03 21:08:28,521 - INFO - [264/1025] Downloading: Granbull (210)
2025-11-03 21:08:29,754 - INFO - [265/1025] Downloading: Hisuian Qwilfish (211)
2025-11-03 21:08:31,351 - INFO - [266/1025] Downloading: Mega Scizor (212)
2025-11-03 21:08:33,126 - INFO - [268/1025] Downloading: Shuckle (213)
2025-11-03 21:08:34,457 - INFO - [269/1025] Downloading: Mega Heracross (214)
2025-11-03 21:08:35,963 - INFO - [271/1025] Downloading: Hisuian Sneasel (215)
2025-11-03 21:08:37,567 - INFO - [272/1025] Downloading: Teddiursa (216)
2025-11-03 21:08:39,113 - INFO - [273/1025] Downloading: Ursaring (217)
2025-11-03 21:08:40,391 - INFO - [274/1025] Downloading: Slugma (218)
2025-11-03 21:08:41,942 - INFO - [275/1025] Downloading: Magcargo (219)
2025-11-03 21:08:43,385 - INFO - [276/1025] Downloading: Swinub (220)
2025-11-03 21:08:44,898 - INFO - [277/1025] Downloading: Piloswine (221)
2025-11-03 21:08:46,179 - INFO - [278/1025] Downloading: Galarian Corsola (222)
2025-11-03 21:08:47,590 - INFO - [279/1025] Downloading: Remoraid (223)
2025-11-03 21:08:48,924 - INFO - [280/1025] Downloading: Octillery (224)
2025-11-03 21:08:50,429 - INFO - [281/1025] Downloading: Delibird (225)
2025-11-03 21:08:52,032 - INFO - [282/1025] Downloading: Mantine (226)
2025-11-03 21:08:54,372 - INFO - [283/1025] Downloading: Skarmory (227)
2025-11-03 21:08:55,571 - INFO - [284/1025] Downloading: Houndour (228)
2025-11-03 21:08:56,745 - INFO - [285/1025] Downloading: Mega Houndoom (229)
2025-11-03 21:08:58,170 - INFO - [287/1025] Downloading: Kingdra (230)
2025-11-03 21:08:59,534 - INFO - [288/1025] Downloading: Phanpy (231)
2025-11-03 21:09:00,971 - INFO - [289/1025] Downloading: Donphan (232)
2025-11-03 21:09:02,345 - INFO - [290/1025] Downloading: Porygon2 (233)
2025-11-03 21:09:03,617 - INFO - [291/1025] Downloading: Stantler (234)
2025-11-03 21:09:04,871 - INFO - [292/1025] Downloading: Smeargle (235)
2025-11-03 21:09:06,470 - INFO - [293/1025] Downloading: Tyrogue (236)
2025-11-03 21:09:08,308 - INFO - [294/1025] Downloading: Hitmontop (237)
2025-11-03 21:09:09,935 - INFO - [295/1025] Downloading: Smoochum (238)
2025-11-03 21:09:11,308 - INFO - [296/1025] Downloading: Elekid (239)
2025-11-03 21:09:12,826 - INFO - [297/1025] Downloading: Magby (240)
2025-11-03 21:09:14,097 - INFO - [298/1025] Downloading: Miltank (241)
2025-11-03 21:09:15,857 - INFO - [299/1025] Downloading: Blissey (242)
2025-11-03 21:09:17,214 - INFO - [300/1025] Downloading: Raikou (243)
2025-11-03 21:09:19,424 - INFO - [301/1025] Downloading: Entei (244)
2025-11-03 21:09:20,904 - INFO - [302/1025] Downloading: Suicune (245)
2025-11-03 21:09:22,943 - INFO - [303/1025] Downloading: Larvitar (246)
2025-11-03 21:09:24,215 - INFO - [304/1025] Downloading: Pupitar (247)
2025-11-03 21:09:25,951 - INFO - [305/1025] Downloading: Mega Tyranitar (248)
2025-11-03 21:09:27,207 - INFO - [307/1025] Downloading: Lugia (249)
2025-11-03 21:09:28,768 - INFO - [308/1025] Downloading: Ho-oh (250)
2025-11-03 21:09:30,087 - INFO - [309/1025] Downloading: Celebi (251)
2025-11-03 21:09:31,297 - INFO - [310/1025] Downloading: Treecko (252)
2025-11-03 21:09:32,561 - INFO - [311/1025] Downloading: Grovyle (253)
2025-11-03 21:09:33,818 - INFO - [312/1025] Downloading: Mega Sceptile (254)
2025-11-03 21:09:35,067 - INFO - [314/1025] Downloading: Torchic (255)
2025-11-03 21:09:36,456 - INFO - [315/1025] Downloading: Combusken (256)
2025-11-03 21:09:37,773 - INFO - [316/1025] Downloading: Mega Blaziken (257)
2025-11-03 21:09:39,163 - INFO - [318/1025] Downloading: Mudkip (258)
2025-11-03 21:09:40,473 - INFO - [319/1025] Downloading: Marshtomp (259)
2025-11-03 21:09:41,820 - INFO - [320/1025] Downloading: Mega Swampert (260)
2025-11-03 21:09:43,731 - INFO - [322/1025] Downloading: Poochyena (261)
2025-11-03 21:09:45,351 - INFO - [323/1025] Downloading: Mightyena (262)
2025-11-03 21:09:46,860 - INFO - [324/1025] Downloading: Galarian Zigzagoon (263)
2025-11-03 21:09:48,133 - INFO - [325/1025] Downloading: Galarian Linoone (264)
2025-11-03 21:09:49,317 - INFO - [326/1025] Downloading: Wurmple (265)
2025-11-03 21:09:51,362 - INFO - [327/1025] Downloading: Silcoon (266)
2025-11-03 21:09:52,670 - INFO - [328/1025] Downloading: Beautifly (267)
2025-11-03 21:09:54,867 - INFO - [329/1025] Downloading: Cascoon (268)
2025-11-03 21:09:56,424 - INFO - [330/1025] Downloading: Dustox (269)
2025-11-03 21:09:58,846 - INFO - [331/1025] Downloading: Lotad (270)
2025-11-03 21:10:00,437 - INFO - [332/1025] Downloading: Lombre (271)
2025-11-03 21:10:01,770 - INFO - [333/1025] Downloading: Ludicolo (272)
2025-11-03 21:10:03,301 - INFO - [334/1025] Downloading: Seedot (273)
2025-11-03 21:10:04,612 - INFO - [335/1025] Downloading: Nuzleaf (274)
2025-11-03 21:10:05,932 - INFO - [336/1025] Downloading: Shiftry (275)
2025-11-03 21:10:08,121 - INFO - [337/1025] Downloading: Taillow (276)
2025-11-03 21:10:10,446 - INFO - [338/1025] Downloading: Swellow (277)
2025-11-03 21:10:11,781 - INFO - [339/1025] Downloading: Wingull (278)
2025-11-03 21:10:13,071 - INFO - [340/1025] Downloading: Pelipper (279)
2025-11-03 21:10:14,990 - INFO - [341/1025] Downloading: Ralts (280)
2025-11-03 21:10:16,461 - INFO - [342/1025] Downloading: Kirlia (281)
2025-11-03 21:10:17,883 - INFO - [343/1025] Downloading: Mega Gardevoir (282)
2025-11-03 21:10:19,245 - INFO - [345/1025] Downloading: Surskit (283)
2025-11-03 21:10:20,500 - INFO - [346/1025] Downloading: Masquerain (284)
2025-11-03 21:10:22,485 - INFO - [347/1025] Downloading: Shroomish (285)
2025-11-03 21:10:23,823 - INFO - [348/1025] Downloading: Breloom (286)
2025-11-03 21:10:25,155 - INFO - [349/1025] Downloading: Slakoth (287)
2025-11-03 21:10:26,482 - INFO - [350/1025] Downloading: Vigoroth (288)
2025-11-03 21:10:28,220 - INFO - [351/1025] Downloading: Slaking (289)
2025-11-03 21:10:29,606 - INFO - [352/1025] Downloading: Nincada (290)
2025-11-03 21:10:30,916 - INFO - [353/1025] Downloading: Ninjask (291)
2025-11-03 21:10:32,222 - INFO - [354/1025] Downloading: Shedinja (292)
2025-11-03 21:10:33,515 - INFO - [355/1025] Downloading: Whismur (293)
2025-11-03 21:10:34,884 - INFO - [356/1025] Downloading: Loudred (294)
2025-11-03 21:10:36,144 - INFO - [357/1025] Downloading: Exploud (295)
2025-11-03 21:10:37,525 - INFO - [358/1025] Downloading: Makuhita (296)
2025-11-03 21:10:39,444 - INFO - [359/1025] Downloading: Hariyama (297)
2025-11-03 21:10:40,810 - INFO - [360/1025] Downloading: Azurill (298)
2025-11-03 21:10:42,711 - INFO - [361/1025] Downloading: Nosepass (299)
2025-11-03 21:10:44,128 - INFO - [362/1025] Downloading: Skitty (300)
2025-11-03 21:10:45,356 - INFO - [363/1025] Downloading: Delcatty (301)
2025-11-03 21:10:47,470 - INFO - [364/1025] Downloading: Mega Sableye (302)
2025-11-03 21:10:49,320 - INFO - [366/1025] Downloading: Mega Mawile (303)
2025-11-03 21:10:51,742 - INFO - [368/1025] Downloading: Aron (304)
2025-11-03 21:10:53,073 - INFO - [369/1025] Downloading: Lairon (305)
2025-11-03 21:10:54,336 - INFO - [370/1025] Downloading: Mega Aggron (306)
2025-11-03 21:10:55,616 - INFO - [372/1025] Downloading: Meditite (307)
2025-11-03 21:10:57,007 - INFO - [373/1025] Downloading: Mega Medicham (308)
2025-11-03 21:10:58,287 - INFO - [375/1025] Downloading: Electrike (309)
2025-11-03 21:11:00,614 - INFO - [376/1025] Downloading: Mega Manectric (310)
2025-11-03 21:11:02,055 - INFO - [378/1025] Downloading: Plusle (311)
2025-11-03 21:11:03,378 - INFO - [379/1025] Downloading: Minun (312)
2025-11-03 21:11:04,661 - INFO - [380/1025] Downloading: Volbeat (313)
2025-11-03 21:11:06,787 - INFO - [381/1025] Downloading: Illumise (314)
2025-11-03 21:11:09,141 - INFO - [382/1025] Downloading: Roselia (315)
2025-11-03 21:11:10,451 - INFO - [383/1025] Downloading: Gulpin (316)
2025-11-03 21:11:11,686 - INFO - [384/1025] Downloading: Swalot (317)
2025-11-03 21:11:13,730 - INFO - [385/1025] Downloading: Carvanha (318)
2025-11-03 21:11:15,007 - INFO - [386/1025] Downloading: Mega Sharpedo (319)
2025-11-03 21:11:16,233 - INFO - [388/1025] Downloading: Wailmer (320)
2025-11-03 21:11:17,495 - INFO - [389/1025] Downloading: Wailord (321)
2025-11-03 21:11:18,816 - INFO - [390/1025] Downloading: Numel (322)
2025-11-03 21:11:20,123 - INFO - [391/1025] Downloading: Mega Camerupt (323)
2025-11-03 21:11:21,485 - INFO - [393/1025] Downloading: Torkoal (324)
2025-11-03 21:11:22,885 - INFO - [394/1025] Downloading: Spoink (325)
2025-11-03 21:11:24,688 - INFO - [395/1025] Downloading: Grumpig (326)
2025-11-03 21:11:25,979 - INFO - [396/1025] Downloading: Spinda (327)
2025-11-03 21:11:27,373 - INFO - [397/1025] Downloading: Trapinch (328)
2025-11-03 21:11:29,301 - INFO - [398/1025] Downloading: Vibrava (329)
2025-11-03 21:11:30,472 - INFO - [399/1025] Downloading: Flygon (330)
2025-11-03 21:11:31,721 - INFO - [400/1025] Downloading: Cacnea (331)
2025-11-03 21:11:32,943 - INFO - [401/1025] Downloading: Cacturne (332)
2025-11-03 21:11:34,228 - INFO - [402/1025] Downloading: Swablu (333)
2025-11-03 21:11:35,477 - INFO - [403/1025] Downloading: Mega Altaria (334)
2025-11-03 21:11:36,721 - INFO - [405/1025] Downloading: Zangoose (335)
2025-11-03 21:11:38,749 - INFO - [406/1025] Downloading: Seviper (336)
2025-11-03 21:11:40,016 - INFO - [407/1025] Downloading: Lunatone (337)
2025-11-03 21:11:41,301 - INFO - [408/1025] Downloading: Solrock (338)
2025-11-03 21:11:42,744 - INFO - [409/1025] Downloading: Barboach (339)
2025-11-03 21:11:44,305 - INFO - [410/1025] Downloading: Whiscash (340)
2025-11-03 21:11:45,567 - INFO - [411/1025] Downloading: Corphish (341)
2025-11-03 21:11:46,815 - INFO - [412/1025] Downloading: Crawdaunt (342)
2025-11-03 21:11:48,031 - INFO - [413/1025] Downloading: Baltoy (343)
2025-11-03 21:11:49,314 - INFO - [414/1025] Downloading: Claydol (344)
2025-11-03 21:11:50,942 - INFO - [415/1025] Downloading: Lileep (345)
2025-11-03 21:11:52,526 - INFO - [416/1025] Downloading: Cradily (346)
2025-11-03 21:11:53,713 - INFO - [417/1025] Downloading: Anorith (347)
2025-11-03 21:11:54,938 - INFO - [418/1025] Downloading: Armaldo (348)
